2025-10-26 03:04:25 INFO  c.h.e.EliteHavenApplication - Starting EliteHavenApplication using Java 21.0.2 with PID 18276 (C:\Users\Snowvita B\Documents\EliteHaven\Backend\target\classes started by Snowvita B in C:\Users\Snowvita B\Documents\EliteHaven\Backend)
2025-10-26 03:04:25 DEBUG c.h.e.EliteHavenApplication - Running with Spring Boot v3.5.7, Spring v6.2.12
2025-10-26 03:04:25 INFO  c.h.e.EliteHavenApplication - The following 1 profile is active: "prod"
2025-10-26 03:04:26 INFO  o.s.d.r.c.RepositoryConfigurationDelegate - Bootstrapping Spring Data JPA repositories in DEFAULT mode.
2025-10-26 03:04:26 INFO  o.s.d.r.c.RepositoryConfigurationDelegate - Finished Spring Data repository scanning in 56 ms. Found 10 JPA repository interfaces.
2025-10-26 03:04:26 INFO  o.s.b.w.e.tomcat.TomcatWebServer - Tomcat initialized with port 8080 (http)
2025-10-26 03:04:26 INFO  o.a.catalina.core.StandardService - Starting service [Tomcat]
2025-10-26 03:04:26 INFO  o.a.catalina.core.StandardEngine - Starting Servlet engine: [Apache Tomcat/10.1.48]
2025-10-26 03:04:26 INFO  o.a.c.c.C.[Tomcat].[localhost].[/] - Initializing Spring embedded WebApplicationContext
2025-10-26 03:04:26 INFO  o.s.b.w.s.c.ServletWebServerApplicationContext - Root WebApplicationContext: initialization completed in 1286 ms
2025-10-26 03:04:27 INFO  o.h.jpa.internal.util.LogHelper - HHH000204: Processing PersistenceUnitInfo [name: default]
2025-10-26 03:04:27 INFO  org.hibernate.Version - HHH000412: Hibernate ORM core version 6.6.33.Final
2025-10-26 03:04:27 INFO  o.h.c.i.RegionFactoryInitiator - HHH000026: Second-level cache disabled
2025-10-26 03:04:27 INFO  o.s.o.j.p.SpringPersistenceUnitInfo - No LoadTimeWeaver setup: ignoring JPA class transformer
2025-10-26 03:04:27 INFO  com.zaxxer.hikari.HikariDataSource - HikariPool-1 - Starting...
2025-10-26 03:04:27 INFO  com.zaxxer.hikari.pool.HikariPool - HikariPool-1 - Added connection com.mysql.cj.jdbc.ConnectionImpl@1a66be41
2025-10-26 03:04:27 INFO  com.zaxxer.hikari.HikariDataSource - HikariPool-1 - Start completed.
2025-10-26 03:04:27 WARN  org.hibernate.orm.deprecation - HHH90000025: MySQL8Dialect does not need to be specified explicitly using 'hibernate.dialect' (remove the property setting and it will be selected by default)
2025-10-26 03:04:27 WARN  org.hibernate.orm.deprecation - HHH90000026: MySQL8Dialect has been deprecated; use org.hibernate.dialect.MySQLDialect instead
2025-10-26 03:04:27 INFO  o.hibernate.orm.connections.pooling - HHH10001005: Database info:
	Database JDBC URL [Connecting through datasource 'HikariDataSource (HikariPool-1)']
	Database driver: undefined/unknown
	Database version: 8.0
	Autocommit mode: undefined/unknown
	Isolation level: undefined/unknown
	Minimum pool size: undefined/unknown
	Maximum pool size: undefined/unknown
2025-10-26 03:04:28 INFO  o.h.e.t.j.p.i.JtaPlatformInitiator - HHH000489: No JTA platform available (set 'hibernate.transaction.jta.platform' to enable JTA platform integration)
2025-10-26 03:04:28 INFO  o.s.o.j.LocalContainerEntityManagerFactoryBean - Initialized JPA EntityManagerFactory for persistence unit 'default'
2025-10-26 03:04:28 DEBUG c.h.elite_haven.filter.JwtAuthFilter - Filter 'jwtAuthFilter' configured for use
2025-10-26 03:04:28 INFO  c.h.elite_haven.aspect.LoggingAspect - Entering SecurityConfig.authManager() with arguments: org.springframework.security.config.annotation.authentication.configuration.AuthenticationConfiguration@149ef64a
2025-10-26 03:04:28 INFO  c.h.elite_haven.aspect.LoggingAspect - Entering SecurityConfig.passwordEncoder() with arguments: 
2025-10-26 03:04:28 INFO  c.h.elite_haven.aspect.LoggingAspect - Exiting SecurityConfig.passwordEncoder() with result: org.springframework.security.crypto.bcrypt.BCryptPasswordEncoder@1407b93f
2025-10-26 03:04:28 INFO  o.s.s.c.a.a.c.InitializeUserDetailsBeanManagerConfigurer$InitializeUserDetailsManagerConfigurer - Global AuthenticationManager configured with UserDetailsService bean with name userDetailsServiceImpl
2025-10-26 03:04:28 INFO  c.h.elite_haven.aspect.LoggingAspect - Exiting SecurityConfig.authManager() with result: org.springframework.security.authentication.ProviderManager@5d72da0b
2025-10-26 03:04:29 INFO  c.h.elite_haven.aspect.LoggingAspect - Entering OpenApiConfig.customOpenAPI() with arguments: 
2025-10-26 03:04:29 INFO  c.h.elite_haven.aspect.LoggingAspect - Exiting OpenApiConfig.customOpenAPI() with result: class OpenAPI {
    openapi: 3.0.1
    info: null
    externalDocs: null
    servers: null
    security: [class SecurityRequirement {
        {bearerAuth=[]}
    }]
    tags: null
    paths: null
    components: class Components {
        schemas: null
        responses: null
        parameters: null
        examples: null
        requestBodies: null
        headers: null
        securitySchemes: {bearerAuth=class SecurityScheme {
            type: http
            description: Enter JWT token
            name: Authorization
            in: header
            scheme: bearer
            bearerFormat: JWT
            flows: null
            openIdConnectUrl: null
            $ref: null
        }}
        links: null
        callbacks: null
        pathItems: null
    }
}
2025-10-26 03:04:29 WARN  o.s.b.a.o.j.JpaBaseConfiguration$JpaWebConfiguration - spring.jpa.open-in-view is enabled by default. Therefore, database queries may be performed during view rendering. Explicitly configure spring.jpa.open-in-view to disable this warning
2025-10-26 03:04:29 INFO  c.h.elite_haven.aspect.LoggingAspect - Entering SecurityConfig.filterChain() with arguments: org.springframework.security.config.annotation.web.builders.HttpSecurity@549dfe1d
2025-10-26 03:04:29 INFO  c.h.elite_haven.aspect.LoggingAspect - Exiting SecurityConfig.filterChain() with result: DefaultSecurityFilterChain matching [any request] and having filters [DisableEncodeUrl, WebAsyncManagerIntegration, SecurityContextHolder, HeaderWriter, Logout, JwtAuth, RequestCacheAware, SecurityContextHolderAwareRequest, AnonymousAuthentication, SessionManagement, ExceptionTranslation, Authorization]
2025-10-26 03:04:29 INFO  o.s.b.w.e.tomcat.TomcatWebServer - Tomcat started on port 8080 (http) with context path '/'
2025-10-26 03:04:29 INFO  c.h.e.EliteHavenApplication - Started EliteHavenApplication in 4.406 seconds (process running for 4.641)
2025-10-26 03:04:44 INFO  o.s.b.w.e.tomcat.GracefulShutdown - Commencing graceful shutdown. Waiting for active requests to complete
2025-10-26 03:04:44 INFO  o.s.b.w.e.tomcat.GracefulShutdown - Graceful shutdown complete
2025-10-26 03:04:44 INFO  o.s.o.j.LocalContainerEntityManagerFactoryBean - Closing JPA EntityManagerFactory for persistence unit 'default'
2025-10-26 03:04:44 INFO  com.zaxxer.hikari.HikariDataSource - HikariPool-1 - Shutdown initiated...
2025-10-26 03:04:44 INFO  com.zaxxer.hikari.HikariDataSource - HikariPool-1 - Shutdown completed.
2025-10-26 03:05:07 INFO  c.h.e.EliteHavenApplicationTests - Starting EliteHavenApplicationTests using Java 21.0.2 with PID 6924 (started by Snowvita B in C:\Users\Snowvita B\Documents\EliteHaven\Backend)
2025-10-26 03:05:07 DEBUG c.h.e.EliteHavenApplicationTests - Running with Spring Boot v3.5.7, Spring v6.2.12
2025-10-26 03:05:07 INFO  c.h.e.EliteHavenApplicationTests - The following 1 profile is active: "prod"
2025-10-26 03:05:08 INFO  o.s.d.r.c.RepositoryConfigurationDelegate - Bootstrapping Spring Data JPA repositories in DEFAULT mode.
2025-10-26 03:05:09 INFO  o.s.d.r.c.RepositoryConfigurationDelegate - Finished Spring Data repository scanning in 136 ms. Found 10 JPA repository interfaces.
2025-10-26 03:05:10 INFO  o.h.jpa.internal.util.LogHelper - HHH000204: Processing PersistenceUnitInfo [name: default]
2025-10-26 03:05:10 INFO  org.hibernate.Version - HHH000412: Hibernate ORM core version 6.6.33.Final
2025-10-26 03:05:10 INFO  o.h.c.i.RegionFactoryInitiator - HHH000026: Second-level cache disabled
2025-10-26 03:05:10 INFO  o.s.o.j.p.SpringPersistenceUnitInfo - No LoadTimeWeaver setup: ignoring JPA class transformer
2025-10-26 03:05:10 INFO  com.zaxxer.hikari.HikariDataSource - HikariPool-1 - Starting...
2025-10-26 03:05:10 INFO  com.zaxxer.hikari.pool.HikariPool - HikariPool-1 - Added connection com.mysql.cj.jdbc.ConnectionImpl@452ec287
2025-10-26 03:05:10 INFO  com.zaxxer.hikari.HikariDataSource - HikariPool-1 - Start completed.
2025-10-26 03:05:10 WARN  org.hibernate.orm.deprecation - HHH90000025: MySQL8Dialect does not need to be specified explicitly using 'hibernate.dialect' (remove the property setting and it will be selected by default)
2025-10-26 03:05:10 WARN  org.hibernate.orm.deprecation - HHH90000026: MySQL8Dialect has been deprecated; use org.hibernate.dialect.MySQLDialect instead
2025-10-26 03:05:10 INFO  o.hibernate.orm.connections.pooling - HHH10001005: Database info:
	Database JDBC URL [Connecting through datasource 'HikariDataSource (HikariPool-1)']
	Database driver: undefined/unknown
	Database version: 8.0
	Autocommit mode: undefined/unknown
	Isolation level: undefined/unknown
	Minimum pool size: undefined/unknown
	Maximum pool size: undefined/unknown
2025-10-26 03:05:11 INFO  o.h.e.t.j.p.i.JtaPlatformInitiator - HHH000489: No JTA platform available (set 'hibernate.transaction.jta.platform' to enable JTA platform integration)
2025-10-26 03:05:11 INFO  o.s.o.j.LocalContainerEntityManagerFactoryBean - Initialized JPA EntityManagerFactory for persistence unit 'default'
2025-10-26 03:05:12 INFO  c.h.elite_haven.aspect.LoggingAspect - Entering SecurityConfig.authManager() with arguments: org.springframework.security.config.annotation.authentication.configuration.AuthenticationConfiguration@130bd00e
2025-10-26 03:05:12 INFO  c.h.elite_haven.aspect.LoggingAspect - Entering SecurityConfig.passwordEncoder() with arguments: 
2025-10-26 03:05:12 INFO  c.h.elite_haven.aspect.LoggingAspect - Exiting SecurityConfig.passwordEncoder() with result: org.springframework.security.crypto.bcrypt.BCryptPasswordEncoder@7bf3bf2e
2025-10-26 03:05:12 INFO  o.s.s.c.a.a.c.InitializeUserDetailsBeanManagerConfigurer$InitializeUserDetailsManagerConfigurer - Global AuthenticationManager configured with UserDetailsService bean with name userDetailsServiceImpl
2025-10-26 03:05:12 INFO  c.h.elite_haven.aspect.LoggingAspect - Exiting SecurityConfig.authManager() with result: org.springframework.security.authentication.ProviderManager@5d7f4cbb
2025-10-26 03:05:13 INFO  c.h.elite_haven.aspect.LoggingAspect - Entering OpenApiConfig.customOpenAPI() with arguments: 
2025-10-26 03:05:13 INFO  c.h.elite_haven.aspect.LoggingAspect - Exiting OpenApiConfig.customOpenAPI() with result: class OpenAPI {
    openapi: 3.0.1
    info: null
    externalDocs: null
    servers: null
    security: [class SecurityRequirement {
        {bearerAuth=[]}
    }]
    tags: null
    paths: null
    components: class Components {
        schemas: null
        responses: null
        parameters: null
        examples: null
        requestBodies: null
        headers: null
        securitySchemes: {bearerAuth=class SecurityScheme {
            type: http
            description: Enter JWT token
            name: Authorization
            in: header
            scheme: bearer
            bearerFormat: JWT
            flows: null
            openIdConnectUrl: null
            $ref: null
        }}
        links: null
        callbacks: null
        pathItems: null
    }
}
2025-10-26 03:05:13 WARN  o.s.b.a.o.j.JpaBaseConfiguration$JpaWebConfiguration - spring.jpa.open-in-view is enabled by default. Therefore, database queries may be performed during view rendering. Explicitly configure spring.jpa.open-in-view to disable this warning
2025-10-26 03:05:14 INFO  c.h.elite_haven.aspect.LoggingAspect - Entering SecurityConfig.filterChain() with arguments: org.springframework.security.config.annotation.web.builders.HttpSecurity@4569b6a9
2025-10-26 03:05:14 INFO  c.h.elite_haven.aspect.LoggingAspect - Exiting SecurityConfig.filterChain() with result: DefaultSecurityFilterChain matching [any request] and having filters [DisableEncodeUrl, WebAsyncManagerIntegration, SecurityContextHolder, HeaderWriter, Logout, JwtAuth, RequestCacheAware, SecurityContextHolderAwareRequest, AnonymousAuthentication, SessionManagement, ExceptionTranslation, Authorization]
2025-10-26 03:05:15 INFO  c.h.e.EliteHavenApplicationTests - Started EliteHavenApplicationTests in 7.861 seconds (process running for 8.816)
2025-10-26 03:05:17 INFO  o.s.o.j.LocalContainerEntityManagerFactoryBean - Closing JPA EntityManagerFactory for persistence unit 'default'
2025-10-26 03:05:17 INFO  com.zaxxer.hikari.HikariDataSource - HikariPool-1 - Shutdown initiated...
2025-10-26 03:05:17 INFO  com.zaxxer.hikari.HikariDataSource - HikariPool-1 - Shutdown completed.
