2025-10-26 00:39:59 INFO  c.h.e.EliteHavenApplicationTests - Starting EliteHavenApplicationTests using Java 21.0.2 with PID 19172 (started by Snowvita B in c:\Users\Snowvita B\Documents\EliteHaven\Backend)
2025-10-26 00:39:59 DEBUG c.h.e.EliteHavenApplicationTests - Running with Spring Boot v3.5.7, Spring v6.2.12
2025-10-26 00:39:59 INFO  c.h.e.EliteHavenApplicationTests - The following 1 profile is active: "prod"
2025-10-26 00:40:01 INFO  o.s.d.r.c.RepositoryConfigurationDelegate - Bootstrapping Spring Data JPA repositories in DEFAULT mode.
2025-10-26 00:40:01 INFO  o.s.d.r.c.RepositoryConfigurationDelegate - Finished Spring Data repository scanning in 236 ms. Found 10 JPA repository interfaces.
2025-10-26 00:40:03 INFO  o.h.jpa.internal.util.LogHelper - HHH000204: Processing PersistenceUnitInfo [name: default]
2025-10-26 00:40:03 INFO  org.hibernate.Version - HHH000412: Hibernate ORM core version 6.6.33.Final
2025-10-26 00:40:03 INFO  o.h.c.i.RegionFactoryInitiator - HHH000026: Second-level cache disabled
2025-10-26 00:40:04 INFO  o.s.o.j.p.SpringPersistenceUnitInfo - No LoadTimeWeaver setup: ignoring JPA class transformer
2025-10-26 00:40:04 INFO  com.zaxxer.hikari.HikariDataSource - HikariPool-1 - Starting...
2025-10-26 00:40:04 INFO  com.zaxxer.hikari.pool.HikariPool - HikariPool-1 - Added connection com.mysql.cj.jdbc.ConnectionImpl@26cdd4af
2025-10-26 00:40:04 INFO  com.zaxxer.hikari.HikariDataSource - HikariPool-1 - Start completed.
2025-10-26 00:40:04 WARN  org.hibernate.orm.deprecation - HHH90000025: MySQL8Dialect does not need to be specified explicitly using 'hibernate.dialect' (remove the property setting and it will be selected by default)
2025-10-26 00:40:04 WARN  org.hibernate.orm.deprecation - HHH90000026: MySQL8Dialect has been deprecated; use org.hibernate.dialect.MySQLDialect instead
2025-10-26 00:40:04 INFO  o.hibernate.orm.connections.pooling - HHH10001005: Database info:
	Database JDBC URL [Connecting through datasource 'HikariDataSource (HikariPool-1)']
	Database driver: undefined/unknown
	Database version: 8.0
	Autocommit mode: undefined/unknown
	Isolation level: undefined/unknown
	Minimum pool size: undefined/unknown
	Maximum pool size: undefined/unknown
2025-10-26 00:40:05 INFO  o.h.e.t.j.p.i.JtaPlatformInitiator - HHH000489: No JTA platform available (set 'hibernate.transaction.jta.platform' to enable JTA platform integration)
2025-10-26 00:40:05 INFO  o.s.o.j.LocalContainerEntityManagerFactoryBean - Initialized JPA EntityManagerFactory for persistence unit 'default'
2025-10-26 00:40:07 INFO  c.h.elite_haven.aspect.LoggingAspect - Entering SecurityConfig.passwordEncoder() with arguments: 
2025-10-26 00:40:07 INFO  c.h.elite_haven.aspect.LoggingAspect - Exiting SecurityConfig.passwordEncoder() with result: org.springframework.security.crypto.bcrypt.BCryptPasswordEncoder@52ec5ba6
2025-10-26 00:40:08 WARN  o.s.b.a.o.j.JpaBaseConfiguration$JpaWebConfiguration - spring.jpa.open-in-view is enabled by default. Therefore, database queries may be performed during view rendering. Explicitly configure spring.jpa.open-in-view to disable this warning
2025-10-26 00:40:09 WARN  o.s.b.a.s.s.UserDetailsServiceAutoConfiguration - 

Using generated security password: 80a40e67-da57-453e-9b89-147f86ce266a

This generated password is for development use only. Your security configuration must be updated before running your application in production.

2025-10-26 00:40:09 INFO  o.s.s.c.a.a.c.InitializeUserDetailsBeanManagerConfigurer$InitializeUserDetailsManagerConfigurer - Global AuthenticationManager configured with UserDetailsService bean with name inMemoryUserDetailsManager
2025-10-26 00:40:10 INFO  c.h.e.EliteHavenApplicationTests - Started EliteHavenApplicationTests in 11.656 seconds (process running for 12.699)
2025-10-26 00:40:10 INFO  o.s.o.j.LocalContainerEntityManagerFactoryBean - Closing JPA EntityManagerFactory for persistence unit 'default'
2025-10-26 00:40:10 INFO  com.zaxxer.hikari.HikariDataSource - HikariPool-1 - Shutdown initiated...
2025-10-26 00:40:10 INFO  com.zaxxer.hikari.HikariDataSource - HikariPool-1 - Shutdown completed.
